c:\users\martinez\desktop\crud\x64\debug\crud.pch
c:\users\martinez\desktop\crud\x64\debug\vc143.pdb
c:\users\martinez\desktop\crud\x64\debug\pch.obj
c:\users\martinez\desktop\crud\x64\debug\form1.obj
c:\users\martinez\desktop\crud\x64\debug\cppclr_winformsproject.obj
c:\users\martinez\desktop\crud\x64\debug\assemblyinfo.obj
c:\users\martinez\desktop\crud\x64\debug\.netframework,version=v4.7.2.assemblyattributes.obj
c:\users\martinez\desktop\crud\x64\debug\mysql.data.dll
c:\users\martinez\desktop\crud\x64\debug\google.protobuf.dll
c:\users\martinez\desktop\crud\x64\debug\zstdnet.dll
c:\users\martinez\desktop\crud\x64\debug\k4os.compression.lz4.streams.dll
c:\users\martinez\desktop\crud\x64\debug\bouncycastle.crypto.dll
c:\users\martinez\desktop\crud\x64\debug\system.memory.dll
c:\users\martinez\desktop\crud\x64\debug\system.buffers.dll
c:\users\martinez\desktop\crud\x64\debug\k4os.compression.lz4.dll
c:\users\martinez\desktop\crud\x64\debug\k4os.hash.xxhash.dll
c:\users\martinez\desktop\crud\x64\debug\mysql.data.xml
c:\users\martinez\desktop\crud\x64\debug\crud.exe
c:\users\martinez\desktop\crud\x64\debug\crud.pdb
c:\users\martinez\desktop\crud\x64\debug\crud.tlog\metagen.write.1.tlog
c:\users\martinez\desktop\crud\x64\debug\app.res
c:\users\martinez\desktop\crud\x64\debug\crud.exe.metagen
c:\users\martinez\desktop\crud\x64\debug\crud.tlog\cl.command.1.tlog
c:\users\martinez\desktop\crud\x64\debug\crud.tlog\cl.read.1.tlog
c:\users\martinez\desktop\crud\x64\debug\crud.tlog\cl.write.1.tlog
c:\users\martinez\desktop\crud\x64\debug\crud.tlog\copylocal.read.1u.tlog
c:\users\martinez\desktop\crud\x64\debug\crud.tlog\copylocal.write.1u.tlog
c:\users\martinez\desktop\crud\x64\debug\crud.tlog\link.command.1.tlog
c:\users\martinez\desktop\crud\x64\debug\crud.tlog\link.read.1.tlog
c:\users\martinez\desktop\crud\x64\debug\crud.tlog\link.write.1.tlog
c:\users\martinez\desktop\crud\x64\debug\crud.tlog\metagen.read.1.tlog
c:\users\martinez\desktop\crud\x64\debug\crud.tlog\rc.command.1.tlog
c:\users\martinez\desktop\crud\x64\debug\crud.tlog\rc.read.1.tlog
c:\users\martinez\desktop\crud\x64\debug\crud.tlog\rc.write.1.tlog
c:\users\martinez\desktop\crud\x64\debug\crud.tlog\resgen.command.1.tlog
c:\users\martinez\desktop\crud\x64\debug\crud.tlog\resgen.read.1.tlog
c:\users\martinez\desktop\crud\x64\debug\crud.tlog\resgen.write.1.tlog
c:\users\martinez\desktop\crud\x64\debug\crud.tlog\mysql.data.dll.metagen
